<?xml version="1.0" encoding="UTF-8"?>
<!-- Generated by org.testng.reporters.JUnitReportReporter -->
<testsuite hostname="DESKTOP-OJV5DL2" failures="0" tests="25" name="Tests.Magento" time="292.587" errors="0" timestamp="2024-05-15T16:33:42 IST" skipped="0">
  <testcase classname="Tests.Magento" name="testWriteReview" time="17.451"/>
  <system-out/>
  <testcase classname="Tests.Magento" name="testInvalidLogin" time="2.909"/>
  <system-out/>
  <testcase classname="Tests.Magento" name="testSearchInvalidProduct" time="9.199"/>
  <system-out/>
  <testcase classname="Tests.Magento" name="SearchTerms" time="5.327"/>
  <system-out/>
  <testcase classname="Tests.Magento" name="testloginAndProceedtoCheckout" time="32.309"/>
  <system-out/>
  <testcase classname="Tests.Magento" name="testInvalidLogin" time="3.482"/>
  <system-out/>
  <testcase classname="Tests.Magento" name="testLoginAndAddtocartandUpdate" time="37.079"/>
  <system-out/>
  <testcase classname="Tests.Magento" name="testLoginAndCompare" time="16.870"/>
  <system-out/>
  <testcase classname="Tests.Magento" name="training" time="7.187"/>
  <system-out/>
  <testcase classname="Tests.Magento" name="testLoginAndAddtocartandRemove" time="42.066"/>
  <system-out/>
  <testcase classname="Tests.Magento" name="testCreateAccountandSignin" time="6.964"/>
  <system-out/>
  <testcase classname="Tests.Magento" name="testAdvancedSearch" time="3.683"/>
  <system-out/>
  <testcase classname="Tests.Magento" name="testLoginAndSearch" time="5.918"/>
  <system-out/>
  <testcase classname="Tests.Magento" name="testLoginAndSearch" time="6.316"/>
  <system-out/>
  <testcase classname="Tests.Magento" name="verifySearchResults" time="1.194"/>
  <system-out/>
  <testcase classname="Tests.Magento" name="testLoginAndcheckMyOders" time="1.743"/>
  <system-out/>
  <testcase classname="Tests.Magento" name="testLoginAndcheckAddressBook" time="15.764"/>
  <system-out/>
  <testcase classname="Tests.Magento" name="testloginAndWishlist" time="13.246"/>
  <system-out/>
  <testcase classname="Tests.Magento" name="testMyProductReviews" time="1.414"/>
  <system-out/>
  <testcase classname="Tests.Magento" name="testCreateAccountandSignin" time="6.917"/>
  <system-out/>
  <testcase classname="Tests.Magento" name="testInvalidLogin" time="3.135"/>
  <system-out/>
  <testcase classname="Tests.Magento" name="testLoginAndAddtocartandRemove" time="41.591"/>
  <system-out/>
  <testcase classname="Tests.Magento" name="testSubscribe" time="2.996"/>
  <system-out/>
  <testcase classname="Tests.Magento" name="testCreateAccountandSignin" time="6.690"/>
  <system-out/>
  <testcase classname="Tests.Magento" name="testHomePage" time="1.137"/>
  <system-out/>
</testsuite> <!-- Tests.Magento -->
